<?xml version="1.0" encoding="UTF-8"?>
<!-- Generated by org.testng.reporters.JUnitReportReporter -->
<testsuite skipped="0" hostname="INDEL-D-FXWTDV2" name="org.iPulse.general.MyRunnerTest" tests="1" failures="0" timestamp="05 Apr 2020 11:57:32 GMT" time="41.518" errors="0">
  <testcase name="feature" time="41.518" classname="org.iPulse.general.MyRunnerTest"/>
</testsuite> <!-- org.iPulse.general.MyRunnerTest -->
